// 同步 ID: 51aba432 @ Sun Jul  5 17:49:51 UTC 2026
// 同步 ID: c8126979 @ Mon Jul  6 05:44:52 UTC 2026
// 同步 ID: aba92c6a @ Mon Jul  6 11:02:09 UTC 2026
// 重构日志: 043ea80a
// 同步 ID: 0cabe1a6 @ Tue Jul  7 17:24:37 UTC 2026
// 重构日志: 5e7d842d
// 同步 ID: 0b1386cc @ Wed Jul  8 11:01:40 UTC 2026
// 重构日志: aa0f8778
// 重构日志: d3806ed8
// 同步 ID: 79fa51d8 @ Thu Jul  9 10:51:07 UTC 2026
// 重构日志: 0e25e6eb
// 重构日志: 3c4e6e49
// 同步 ID: 8d2a773f @ Sat Jul 11 08:25:28 UTC 2026
// 重构日志: 5eda1881
// 重构日志: 17b5dd85
// 同步 ID: ace5e69a @ Sat Jul 11 17:49:40 UTC 2026
// 重构日志: b8b628e6
// 重构日志: 3bceae30
// 重构日志: 7c3466be
// 同步 ID: 723889f4 @ Wed Jul 15 04:38:30 UTC 2026
// 同步 ID: bddc5f7c @ Wed Jul 15 06:33:25 UTC 2026
// 重构日志: 766da79b
// 重构日志: 2c23888c
// 同步 ID: f03d388d @ Wed Jul 15 13:32:29 UTC 2026
// 重构日志: 7aab2dea
// 重构日志: b314997a
// 重构日志: b1a783aa
// 重构日志: 96a04bd6
// 重构日志: 2bcba838
// 同步 ID: a22cd970 @ Fri Jul 17 10:55:34 UTC 2026
// 重构日志: a4637801
// 重构日志: b38abc7a
// 重构日志: 729bf779
// 重构日志: e623c854
